2020.06.15 19:49:52 INFO  started: Metals version 0.9.0 in workspace '/Users/mattsinton-hewitt/git/random/Scala-3'
2020.06.15 19:49:54 INFO  time: initialize in 1.56s
2020.06.15 19:49:55 WARN  no build tool detected in workspace '/Users/mattsinton-hewitt/git/random/Scala-3'. The most common cause for this problem is that the editor was opened in the wrong working directory, for example if you use sbt then the workspace directory should contain build.sbt. 
2020.06.15 19:49:55 INFO  no build target: using presentation compiler with only scala-library
2020.06.15 19:49:58 WARN  no build target for: /Users/mattsinton-hewitt/git/random/Scala-3/examples.scala
Jun 15, 2020 7:49:58 PM org.eclipse.lsp4j.jsonrpc.RemoteEndpoint handleCancellation
WARNING: Unmatched cancel notification for request id 3
Jun 15, 2020 7:49:58 PM org.eclipse.lsp4j.jsonrpc.RemoteEndpoint handleCancellation
WARNING: Unmatched cancel notification for request id 1
Jun 15, 2020 7:50:00 PM org.eclipse.lsp4j.jsonrpc.RemoteEndpoint handleCancellation
WARNING: Unmatched cancel notification for request id 13
2020.06.15 19:50:00 WARN  no build target for: /Users/mattsinton-hewitt/git/random/Scala-3/examples.scala
2020.06.15 19:50:13 WARN  no build target for: /Users/mattsinton-hewitt/git/random/Scala-3/examples.scala
Exception in thread "pool-1-thread-2" java.lang.InterruptedException
	at scala.meta.internal.metals.FutureCancelToken.checkCanceled(FutureCancelToken.scala:27)
	at scala.meta.internal.mtags.MtagsEnrichments$XtensionCancelChecker.isCancelled(MtagsEnrichments.scala:137)
	at scala.meta.internal.metals.FormattingProvider.$anonfun$isCancelled$1(FormattingProvider.scala:59)
	at scala.meta.internal.metals.FormattingProvider.$anonfun$isCancelled$1$adapted(FormattingProvider.scala:59)
	at scala.Option.exists(Option.scala:376)
	at scala.meta.internal.metals.FormattingProvider.isCancelled(FormattingProvider.scala:59)
	at scala.meta.internal.metals.FormattingProvider.$anonfun$handleMissingFile$1(FormattingProvider.scala:180)
	at scala.meta.internal.metals.FormattingProvider.$anonfun$handleMissingFile$1$adapted(FormattingProvider.scala:173)
	at scala.util.Success.$anonfun$map$1(Try.scala:255)
	at scala.util.Success.map(Try.scala:213)
	at scala.concurrent.Future.$anonfun$map$1(Future.scala:292)
	at scala.concurrent.impl.Promise.liftedTree1$1(Promise.scala:33)
	at scala.concurrent.impl.Promise.$anonfun$transform$1(Promise.scala:33)
	at scala.concurrent.impl.CallbackRunnable.run(Promise.scala:64)
	at java.base/java.util.concurrent.ThreadPoolExecutor.runWorker(ThreadPoolExecutor.java:1128)
	at java.base/java.util.concurrent.ThreadPoolExecutor$Worker.run(ThreadPoolExecutor.java:628)
	at java.base/java.lang.Thread.run(Thread.java:834)
2020.06.15 19:50:22 WARN  no build target for: /Users/mattsinton-hewitt/git/random/Scala-3/examples.scala
2020.06.15 19:50:39 WARN  no build target for: /Users/mattsinton-hewitt/git/random/Scala-3/examples.scala
2020.06.15 19:51:30 WARN  no build target for: /Users/mattsinton-hewitt/git/random/Scala-3/examples.scala
2020.06.15 19:51:37 WARN  no build target for: /Users/mattsinton-hewitt/git/random/Scala-3/examples.scala
Jun 15, 2020 7:51:47 PM org.eclipse.lsp4j.jsonrpc.services.GenericEndpoint notify
INFO: Unsupported notification method: $/setTraceNotification
Jun 15, 2020 7:51:52 PM org.eclipse.lsp4j.jsonrpc.services.GenericEndpoint notify
INFO: Unsupported notification method: $/setTraceNotification
Jun 15, 2020 7:54:20 PM org.eclipse.lsp4j.jsonrpc.services.GenericEndpoint notify
INFO: Unsupported notification method: $/setTraceNotification
Jun 15, 2020 7:54:26 PM org.eclipse.lsp4j.jsonrpc.services.GenericEndpoint notify
INFO: Unsupported notification method: $/setTraceNotification
Jun 15, 2020 7:55:08 PM org.eclipse.lsp4j.jsonrpc.services.GenericEndpoint notify
INFO: Unsupported notification method: $/setTraceNotification
Jun 15, 2020 7:55:20 PM org.eclipse.lsp4j.jsonrpc.services.GenericEndpoint notify
INFO: Unsupported notification method: $/setTraceNotification
Jun 15, 2020 7:55:22 PM org.eclipse.lsp4j.jsonrpc.services.GenericEndpoint notify
INFO: Unsupported notification method: $/setTraceNotification
Jun 15, 2020 7:55:34 PM org.eclipse.lsp4j.jsonrpc.services.GenericEndpoint notify
INFO: Unsupported notification method: $/setTraceNotification
2020.06.15 19:56:06 WARN  no build target for: /Users/mattsinton-hewitt/git/random/Scala-3/examples.scala
2020.06.15 19:56:14 WARN  no build tool detected in workspace '/Users/mattsinton-hewitt/git/random/Scala-3'. The most common cause for this problem is that the editor was opened in the wrong working directory, for example if you use sbt then the workspace directory should contain build.sbt. 
2020.06.15 19:56:14 WARN  no build tool detected in workspace '/Users/mattsinton-hewitt/git/random/Scala-3'. The most common cause for this problem is that the editor was opened in the wrong working directory, for example if you use sbt then the workspace directory should contain build.sbt. 
2020.06.15 19:56:16 WARN  no build tool detected in workspace '/Users/mattsinton-hewitt/git/random/Scala-3'. The most common cause for this problem is that the editor was opened in the wrong working directory, for example if you use sbt then the workspace directory should contain build.sbt. 
2020.06.15 19:56:17 WARN  no build tool detected in workspace '/Users/mattsinton-hewitt/git/random/Scala-3'. The most common cause for this problem is that the editor was opened in the wrong working directory, for example if you use sbt then the workspace directory should contain build.sbt. 
2020.06.15 19:56:17 WARN  no build tool detected in workspace '/Users/mattsinton-hewitt/git/random/Scala-3'. The most common cause for this problem is that the editor was opened in the wrong working directory, for example if you use sbt then the workspace directory should contain build.sbt. 
2020.06.15 19:56:17 WARN  no build target for: /Users/mattsinton-hewitt/git/random/Scala-3/examples.scala
2020.06.15 19:56:21 WARN  no build tool detected in workspace '/Users/mattsinton-hewitt/git/random/Scala-3'. The most common cause for this problem is that the editor was opened in the wrong working directory, for example if you use sbt then the workspace directory should contain build.sbt. 
2020.06.15 19:56:23 WARN  no build tool detected in workspace '/Users/mattsinton-hewitt/git/random/Scala-3'. The most common cause for this problem is that the editor was opened in the wrong working directory, for example if you use sbt then the workspace directory should contain build.sbt. 
2020.06.15 19:56:23 WARN  no build tool detected in workspace '/Users/mattsinton-hewitt/git/random/Scala-3'. The most common cause for this problem is that the editor was opened in the wrong working directory, for example if you use sbt then the workspace directory should contain build.sbt. 
2020.06.15 19:56:23 WARN  no build tool detected in workspace '/Users/mattsinton-hewitt/git/random/Scala-3'. The most common cause for this problem is that the editor was opened in the wrong working directory, for example if you use sbt then the workspace directory should contain build.sbt. 
Jun 15, 2020 7:56:42 PM org.eclipse.lsp4j.jsonrpc.RemoteEndpoint handleCancellation
WARNING: Unmatched cancel notification for request id 454
2020.06.15 19:56:46 WARN  no build tool detected in workspace '/Users/mattsinton-hewitt/git/random/Scala-3'. The most common cause for this problem is that the editor was opened in the wrong working directory, for example if you use sbt then the workspace directory should contain build.sbt. 
2020.06.15 19:56:48 WARN  no build tool detected in workspace '/Users/mattsinton-hewitt/git/random/Scala-3'. The most common cause for this problem is that the editor was opened in the wrong working directory, for example if you use sbt then the workspace directory should contain build.sbt. 
2020.06.15 19:56:48 WARN  no build tool detected in workspace '/Users/mattsinton-hewitt/git/random/Scala-3'. The most common cause for this problem is that the editor was opened in the wrong working directory, for example if you use sbt then the workspace directory should contain build.sbt. 
Jun 15, 2020 7:56:50 PM scala.meta.internal.pc.CompilerAccess retryWithCleanCompiler
INFO: compiler crashed due to an error in the Scala compiler, retrying with new compiler instance.
Jun 15, 2020 7:56:50 PM scala.meta.internal.pc.CompilerAccess handleError
SEVERE: null
java.lang.NullPointerException
	at scala.reflect.internal.Definitions$DefinitionsClass.isByNameParamType(Definitions.scala:417)
	at scala.reflect.internal.TreeInfo.isStableIdent(TreeInfo.scala:138)
	at scala.reflect.internal.TreeInfo.isStableIdentifier(TreeInfo.scala:113)
	at scala.reflect.internal.TreeInfo.isPath(TreeInfo.scala:102)
	at scala.reflect.internal.TreeInfo.admitsTypeSelection(TreeInfo.scala:156)
	at scala.tools.nsc.interactive.Global.stabilizedType(Global.scala:959)
	at scala.tools.nsc.interactive.Global.typedTreeAt(Global.scala:807)
	at scala.meta.internal.pc.HoverProvider.typedHoverTreeAt(HoverProvider.scala:233)
	at scala.meta.internal.pc.HoverProvider.hover(HoverProvider.scala:24)

2020.06.15 19:57:11 WARN  no build tool detected in workspace '/Users/mattsinton-hewitt/git/random/Scala-3'. The most common cause for this problem is that the editor was opened in the wrong working directory, for example if you use sbt then the workspace directory should contain build.sbt. 
2020.06.15 19:58:04 WARN  no build target for: /Users/mattsinton-hewitt/git/random/Scala-3/examples.scala
2020.06.15 19:58:08 WARN  no build target for: /Users/mattsinton-hewitt/git/random/Scala-3/examples.scala
Jun 15, 2020 7:58:40 PM org.eclipse.lsp4j.jsonrpc.services.GenericEndpoint notify
INFO: Unsupported notification method: $/setTraceNotification
Jun 15, 2020 7:58:43 PM org.eclipse.lsp4j.jsonrpc.services.GenericEndpoint notify
INFO: Unsupported notification method: $/setTraceNotification
2020.06.15 19:58:54 WARN  no build tool detected in workspace '/Users/mattsinton-hewitt/git/random/Scala-3'. The most common cause for this problem is that the editor was opened in the wrong working directory, for example if you use sbt then the workspace directory should contain build.sbt. 
2020.06.15 19:58:54 WARN  no build tool detected in workspace '/Users/mattsinton-hewitt/git/random/Scala-3'. The most common cause for this problem is that the editor was opened in the wrong working directory, for example if you use sbt then the workspace directory should contain build.sbt. 
2020.06.15 19:58:55 WARN  no build tool detected in workspace '/Users/mattsinton-hewitt/git/random/Scala-3'. The most common cause for this problem is that the editor was opened in the wrong working directory, for example if you use sbt then the workspace directory should contain build.sbt. 
2020.06.15 20:27:48 WARN  no build target for: /Users/mattsinton-hewitt/git/random/Scala-3/examples.scala
2020.06.15 20:27:50 WARN  no build target for: /Users/mattsinton-hewitt/git/random/Scala-3/examples.scala
2020.06.15 20:27:57 WARN  no build target for: /Users/mattsinton-hewitt/git/random/Scala-3/examples.scala
2020.06.15 20:28:06 WARN  no build target for: /Users/mattsinton-hewitt/git/random/Scala-3/examples.scala
2020.06.15 20:28:36 WARN  no build target for: /Users/mattsinton-hewitt/git/random/Scala-3/examples.scala
Jun 15, 2020 8:32:13 PM org.eclipse.lsp4j.jsonrpc.services.GenericEndpoint notify
INFO: Unsupported notification method: $/setTraceNotification
2020.06.15 20:36:16 WARN  no build target for: /Users/mattsinton-hewitt/git/random/Scala-3/examples.scala
2020.06.15 20:37:27 WARN  no build target for: /Users/mattsinton-hewitt/git/random/Scala-3/examples.scala
2020.06.15 20:37:30 WARN  no build target for: /Users/mattsinton-hewitt/git/random/Scala-3/examples.scala
2020.06.15 20:37:36 WARN  no build target for: /Users/mattsinton-hewitt/git/random/Scala-3/examples.scala
2020.06.15 20:40:21 WARN  no build target for: /Users/mattsinton-hewitt/git/random/Scala-3/examples.scala
2020.06.15 20:56:55 WARN  no build target for: /Users/mattsinton-hewitt/git/random/Scala-3/examples.scala
2020.06.15 21:02:30 WARN  no build target for: /Users/mattsinton-hewitt/git/random/Scala-3/examples.scala
2020.06.15 21:52:21 WARN  no build tool detected in workspace '/Users/mattsinton-hewitt/git/random/Scala-3'. The most common cause for this problem is that the editor was opened in the wrong working directory, for example if you use sbt then the workspace directory should contain build.sbt. 
2020.06.15 21:52:21 WARN  no build tool detected in workspace '/Users/mattsinton-hewitt/git/random/Scala-3'. The most common cause for this problem is that the editor was opened in the wrong working directory, for example if you use sbt then the workspace directory should contain build.sbt. 
2020.06.15 21:52:56 WARN  no build target for: /Users/mattsinton-hewitt/git/random/Scala-3/examples.scala
2020.06.15 21:56:02 WARN  no build target for: /Users/mattsinton-hewitt/git/random/Scala-3/examples.scala
2020.06.15 21:58:10 WARN  no build target for: /Users/mattsinton-hewitt/git/random/Scala-3/examples.scala
2020.06.15 21:59:13 WARN  no build target for: /Users/mattsinton-hewitt/git/random/Scala-3/examples.scala
Jun 16, 2020 9:07:12 AM org.eclipse.lsp4j.jsonrpc.services.GenericEndpoint notify
INFO: Unsupported notification method: $/setTraceNotification
Jun 16, 2020 9:07:13 AM org.eclipse.lsp4j.jsonrpc.services.GenericEndpoint notify
INFO: Unsupported notification method: $/setTraceNotification
Jun 16, 2020 10:37:08 AM org.eclipse.lsp4j.jsonrpc.services.GenericEndpoint notify
INFO: Unsupported notification method: $/setTraceNotification
Jun 16, 2020 11:42:32 AM org.eclipse.lsp4j.jsonrpc.services.GenericEndpoint notify
INFO: Unsupported notification method: $/setTraceNotification
Jun 16, 2020 11:47:36 AM org.eclipse.lsp4j.jsonrpc.services.GenericEndpoint notify
INFO: Unsupported notification method: $/setTraceNotification
2020.06.16 11:47:55 INFO  shutting down Metals
2020.06.16 11:49:13 INFO  started: Metals version 0.9.0 in workspace '/Users/mattsinton-hewitt/git/random/Scala-3'
2020.06.16 11:49:19 INFO  time: initialize in 5.76s
2020.06.16 11:49:20 WARN  no build tool detected in workspace '/Users/mattsinton-hewitt/git/random/Scala-3'. The most common cause for this problem is that the editor was opened in the wrong working directory, for example if you use sbt then the workspace directory should contain build.sbt. 
2020.06.16 11:49:20 INFO  no build target: using presentation compiler with only scala-library
2020.06.16 11:49:42 WARN  no build target for: /Users/mattsinton-hewitt/git/random/Scala-3/examples.scala
Jun 16, 2020 1:57:39 PM org.eclipse.lsp4j.jsonrpc.services.GenericEndpoint notify
INFO: Unsupported notification method: $/setTraceNotification
Jun 18, 2020 1:25:57 PM org.eclipse.lsp4j.jsonrpc.services.GenericEndpoint notify
INFO: Unsupported notification method: $/setTraceNotification
Jun 18, 2020 2:02:49 PM org.eclipse.lsp4j.jsonrpc.services.GenericEndpoint notify
INFO: Unsupported notification method: $/setTraceNotification
Jun 18, 2020 2:14:18 PM org.eclipse.lsp4j.jsonrpc.services.GenericEndpoint notify
INFO: Unsupported notification method: $/setTraceNotification
Jun 18, 2020 2:31:56 PM org.eclipse.lsp4j.jsonrpc.services.GenericEndpoint notify
INFO: Unsupported notification method: $/setTraceNotification
Jun 18, 2020 2:41:50 PM org.eclipse.lsp4j.jsonrpc.services.GenericEndpoint notify
INFO: Unsupported notification method: $/setTraceNotification
Jun 18, 2020 2:42:03 PM org.eclipse.lsp4j.jsonrpc.services.GenericEndpoint notify
INFO: Unsupported notification method: $/setTraceNotification
Jun 18, 2020 2:42:46 PM org.eclipse.lsp4j.jsonrpc.services.GenericEndpoint notify
INFO: Unsupported notification method: $/setTraceNotification
Jun 18, 2020 6:04:41 PM org.eclipse.lsp4j.jsonrpc.services.GenericEndpoint notify
INFO: Unsupported notification method: $/setTraceNotification
Jun 19, 2020 9:31:21 AM org.eclipse.lsp4j.jsonrpc.services.GenericEndpoint notify
INFO: Unsupported notification method: $/setTraceNotification
Jun 19, 2020 1:14:31 PM org.eclipse.lsp4j.jsonrpc.services.GenericEndpoint notify
INFO: Unsupported notification method: $/setTraceNotification
Jun 19, 2020 1:21:26 PM org.eclipse.lsp4j.jsonrpc.services.GenericEndpoint notify
INFO: Unsupported notification method: $/setTraceNotification
Jun 19, 2020 1:57:03 PM org.eclipse.lsp4j.jsonrpc.services.GenericEndpoint notify
INFO: Unsupported notification method: $/setTraceNotification
Jun 19, 2020 2:28:22 PM org.eclipse.lsp4j.jsonrpc.services.GenericEndpoint notify
INFO: Unsupported notification method: $/setTraceNotification
2020.06.20 21:17:58 INFO  shutting down Metals
2020.07.18 13:33:37 INFO  started: Metals version 0.9.2 in workspace '/Users/mattsinton-hewitt/git/random/Scala-3' for client vscode.
2020.07.18 13:33:38 INFO  time: initialize in 1.51s
2020.07.18 13:33:39 WARN  resetting database: /Users/mattsinton-hewitt/git/random/Scala-3/.metals/metals.h2.db
2020.07.18 13:33:39 WARN  no build tool detected in workspace '/Users/mattsinton-hewitt/git/random/Scala-3'. The most common cause for this problem is that the editor was opened in the wrong working directory, for example if you use sbt then the workspace directory should contain build.sbt. 
2020.07.18 13:33:39 INFO  no build target: using presentation compiler with only scala-library
2020.07.18 13:33:43 WARN  no build target for: /Users/mattsinton-hewitt/git/random/Scala-3/examples.scala
Jul 18, 2020 1:53:56 PM org.eclipse.lsp4j.jsonrpc.RemoteEndpoint handleCancellation
WARNING: Unmatched cancel notification for request id 448
2020.07.18 13:54:48 WARN  no build target for: /Users/mattsinton-hewitt/git/random/Scala-3/examples.scala
2020.07.18 13:55:43 WARN  no build tool detected in workspace '/Users/mattsinton-hewitt/git/random/Scala-3'. The most common cause for this problem is that the editor was opened in the wrong working directory, for example if you use sbt then the workspace directory should contain build.sbt. 
2020.07.18 13:56:39 WARN  no build tool detected in workspace '/Users/mattsinton-hewitt/git/random/Scala-3'. The most common cause for this problem is that the editor was opened in the wrong working directory, for example if you use sbt then the workspace directory should contain build.sbt. 
2020.07.18 13:56:58 WARN  no build tool detected in workspace '/Users/mattsinton-hewitt/git/random/Scala-3'. The most common cause for this problem is that the editor was opened in the wrong working directory, for example if you use sbt then the workspace directory should contain build.sbt. 
2020.07.18 13:57:05 WARN  no build tool detected in workspace '/Users/mattsinton-hewitt/git/random/Scala-3'. The most common cause for this problem is that the editor was opened in the wrong working directory, for example if you use sbt then the workspace directory should contain build.sbt. 
2020.07.18 13:59:22 WARN  no build target for: /Users/mattsinton-hewitt/git/random/Scala-3/examples.scala
2020.07.18 13:59:57 WARN  no build target for: /Users/mattsinton-hewitt/git/random/Scala-3/examples.scala
2020.07.18 14:06:33 WARN  no build tool detected in workspace '/Users/mattsinton-hewitt/git/random/Scala-3'. The most common cause for this problem is that the editor was opened in the wrong working directory, for example if you use sbt then the workspace directory should contain build.sbt. 
2020.07.18 14:06:33 WARN  no build tool detected in workspace '/Users/mattsinton-hewitt/git/random/Scala-3'. The most common cause for this problem is that the editor was opened in the wrong working directory, for example if you use sbt then the workspace directory should contain build.sbt. 
2020.07.18 14:06:58 WARN  no build target for: /Users/mattsinton-hewitt/git/random/Scala-3/examples.scala
2020.07.18 14:07:52 WARN  no build tool detected in workspace '/Users/mattsinton-hewitt/git/random/Scala-3'. The most common cause for this problem is that the editor was opened in the wrong working directory, for example if you use sbt then the workspace directory should contain build.sbt. 
2020.07.18 14:07:54 WARN  no build target for: /Users/mattsinton-hewitt/git/random/Scala-3/examples.scala
2020.07.18 14:08:06 WARN  no build tool detected in workspace '/Users/mattsinton-hewitt/git/random/Scala-3'. The most common cause for this problem is that the editor was opened in the wrong working directory, for example if you use sbt then the workspace directory should contain build.sbt. 
2020.07.18 14:08:06 WARN  no build tool detected in workspace '/Users/mattsinton-hewitt/git/random/Scala-3'. The most common cause for this problem is that the editor was opened in the wrong working directory, for example if you use sbt then the workspace directory should contain build.sbt. 
2020.07.18 14:08:23 WARN  no build target for: /Users/mattsinton-hewitt/git/random/Scala-3/examples.scala
2020.07.18 14:11:27 WARN  no build target for: /Users/mattsinton-hewitt/git/random/Scala-3/examples.scala
2020.07.18 14:21:49 WARN  no build target for: /Users/mattsinton-hewitt/git/random/Scala-3/examples.scala
2020.07.18 14:22:59 WARN  no build tool detected in workspace '/Users/mattsinton-hewitt/git/random/Scala-3'. The most common cause for this problem is that the editor was opened in the wrong working directory, for example if you use sbt then the workspace directory should contain build.sbt. 
Jul 18, 2020 2:23:25 PM scala.meta.internal.pc.CompilerAccess handleError
SEVERE: offset 478, count -2, length 1577
java.lang.StringIndexOutOfBoundsException: offset 478, count -2, length 1577
	at java.base/java.lang.String.checkBoundsOffCount(String.java:3304)
	at java.base/java.lang.String.rangeCheck(String.java:280)
	at java.base/java.lang.String.<init>(String.java:276)
	at scala.tools.nsc.interactive.Global.typeCompletions$1(Global.scala:1230)
	at scala.tools.nsc.interactive.Global.completionsAt(Global.scala:1253)
	at scala.meta.internal.pc.SignatureHelpProvider.$anonfun$treeSymbol$1(SignatureHelpProvider.scala:376)
	at scala.Option.map(Option.scala:230)
	at scala.meta.internal.pc.SignatureHelpProvider.treeSymbol(SignatureHelpProvider.scala:374)
	at scala.meta.internal.pc.SignatureHelpProvider$MethodCall$.unapply(SignatureHelpProvider.scala:199)
	at scala.meta.internal.pc.SignatureHelpProvider$MethodCallTraverser.visit(SignatureHelpProvider.scala:310)
	at scala.meta.internal.pc.SignatureHelpProvider$MethodCallTraverser.traverse(SignatureHelpProvider.scala:304)
	at scala.meta.internal.pc.SignatureHelpProvider$MethodCallTraverser.traverse(SignatureHelpProvider.scala:269)
	at scala.reflect.internal.Trees.$anonfun$itraverse$3(Trees.scala:1393)
	at scala.reflect.api.Trees$Traverser.atOwner(Trees.scala:2515)
	at scala.reflect.internal.Trees.itraverse(Trees.scala:1393)
	at scala.reflect.internal.Trees.itraverse$(Trees.scala:1264)
	at scala.reflect.internal.SymbolTable.itraverse(SymbolTable.scala:28)
	at scala.reflect.internal.SymbolTable.itraverse(SymbolTable.scala:28)
	at scala.reflect.api.Trees$Traverser.traverse(Trees.scala:2483)
	at scala.meta.internal.pc.SignatureHelpProvider$MethodCallTraverser.visit(SignatureHelpProvider.scala:344)
	at scala.meta.internal.pc.SignatureHelpProvider$MethodCallTraverser.traverse(SignatureHelpProvider.scala:304)
	at scala.meta.internal.pc.SignatureHelpProvider$MethodCallTraverser.$anonfun$visit$5(SignatureHelpProvider.scala:340)
	at scala.meta.internal.pc.SignatureHelpProvider$MethodCallTraverser.$anonfun$visit$5$adapted(SignatureHelpProvider.scala:317)
	at scala.collection.TraversableLike$WithFilter.$anonfun$foreach$1(TraversableLike.scala:924)
	at scala.collection.immutable.List.foreach(List.scala:431)
	at scala.collection.TraversableLike$WithFilter.foreach(TraversableLike.scala:923)
	at scala.meta.internal.pc.SignatureHelpProvider$MethodCallTraverser.$anonfun$visit$3(SignatureHelpProvider.scala:317)
	at scala.meta.internal.pc.SignatureHelpProvider$MethodCallTraverser.$anonfun$visit$3$adapted(SignatureHelpProvider.scala:316)
	at scala.collection.TraversableLike$WithFilter.$anonfun$foreach$1(TraversableLike.scala:924)
	at scala.collection.immutable.List.foreach(List.scala:431)
	at scala.collection.TraversableLike$WithFilter.foreach(TraversableLike.scala:923)
	at scala.meta.internal.pc.SignatureHelpProvider$MethodCallTraverser.visit(SignatureHelpProvider.scala:316)
	at scala.meta.internal.pc.SignatureHelpProvider$MethodCallTraverser.traverse(SignatureHelpProvider.scala:304)
	at scala.meta.internal.pc.SignatureHelpProvider$MethodCallTraverser.fromTree(SignatureHelpProvider.scala:273)
	at scala.meta.internal.pc.SignatureHelpProvider.signatureHelp(SignatureHelpProvider.scala:27)

2020.07.18 14:24:14 WARN  no build tool detected in workspace '/Users/mattsinton-hewitt/git/random/Scala-3'. The most common cause for this problem is that the editor was opened in the wrong working directory, for example if you use sbt then the workspace directory should contain build.sbt. 
2020.07.18 14:24:44 WARN  no build tool detected in workspace '/Users/mattsinton-hewitt/git/random/Scala-3'. The most common cause for this problem is that the editor was opened in the wrong working directory, for example if you use sbt then the workspace directory should contain build.sbt. 
2020.07.18 14:24:45 WARN  no build tool detected in workspace '/Users/mattsinton-hewitt/git/random/Scala-3'. The most common cause for this problem is that the editor was opened in the wrong working directory, for example if you use sbt then the workspace directory should contain build.sbt. 
2020.07.18 14:26:28 ERROR scalafmt: /Users/mattsinton-hewitt/git/random/Scala-3/examples.scala:10: error: illegal start of simple expression
}
^
2020.07.18 14:26:28 WARN  no build target for: /Users/mattsinton-hewitt/git/random/Scala-3/examples.scala
2020.07.18 14:27:09 ERROR scalafmt: /Users/mattsinton-hewitt/git/random/Scala-3/examples.scala:11: error: illegal start of simple expression
}
^
2020.07.18 14:27:09 WARN  no build target for: /Users/mattsinton-hewitt/git/random/Scala-3/examples.scala
2020.07.18 14:28:21 WARN  no build target for: /Users/mattsinton-hewitt/git/random/Scala-3/examples.scala
2020.07.18 14:28:40 WARN  no build target for: /Users/mattsinton-hewitt/git/random/Scala-3/examples.scala
2020.07.18 14:30:37 WARN  no build target for: /Users/mattsinton-hewitt/git/random/Scala-3/examples.scala
2020.07.18 14:31:42 WARN  no build target for: /Users/mattsinton-hewitt/git/random/Scala-3/examples.scala
Jul 18, 2020 2:36:49 PM org.eclipse.lsp4j.jsonrpc.RemoteEndpoint handleCancellation
WARNING: Unmatched cancel notification for request id 3490
2020.07.18 14:37:19 ERROR scalafmt: /Users/mattsinton-hewitt/git/random/Scala-3/examples.scala:127: error: } expected but end of file found

^
2020.07.18 14:37:19 WARN  no build target for: /Users/mattsinton-hewitt/git/random/Scala-3/examples.scala
2020.07.18 14:38:15 WARN  no build tool detected in workspace '/Users/mattsinton-hewitt/git/random/Scala-3'. The most common cause for this problem is that the editor was opened in the wrong working directory, for example if you use sbt then the workspace directory should contain build.sbt. 
2020.07.18 14:38:27 ERROR scalafmt: /Users/mattsinton-hewitt/git/random/Scala-3/examples.scala:127: error: } expected but end of file found

^
2020.07.18 14:38:27 WARN  no build target for: /Users/mattsinton-hewitt/git/random/Scala-3/examples.scala
Jul 18, 2020 2:39:30 PM org.eclipse.lsp4j.jsonrpc.RemoteEndpoint handleCancellation
WARNING: Unmatched cancel notification for request id 3620
2020.07.18 14:39:55 ERROR scalafmt: /Users/mattsinton-hewitt/git/random/Scala-3/examples.scala:129: error: } expected but end of file found

^
2020.07.18 14:39:55 WARN  no build target for: /Users/mattsinton-hewitt/git/random/Scala-3/examples.scala
2020.07.18 14:46:26 WARN  no build target for: /Users/mattsinton-hewitt/git/random/Scala-3/examples.scala
2020.07.18 22:23:45 INFO  shutting down Metals
2020.07.18 22:25:09 INFO  started: Metals version 0.9.2 in workspace '/Users/mattsinton-hewitt/git/random/Scala-3' for client vscode.
2020.07.18 22:25:10 INFO  time: initialize in 1.49s
2020.07.18 22:25:11 WARN  no build tool detected in workspace '/Users/mattsinton-hewitt/git/random/Scala-3'. The most common cause for this problem is that the editor was opened in the wrong working directory, for example if you use sbt then the workspace directory should contain build.sbt. 
2020.07.18 22:25:11 INFO  no build target: using presentation compiler with only scala-library
2020.07.18 22:25:14 WARN  no build target for: /Users/mattsinton-hewitt/git/random/Scala-3/examples.scala
2020.07.19 16:25:47 WARN  no build target for: /Users/mattsinton-hewitt/git/random/Scala-3/examples.scala
2020.07.20 13:53:54 INFO  shutting down Metals
